#
# There is insufficient memory for the Java Runtime Environment to continue.
# Native memory allocation (malloc) failed to allocate 32744 bytes for ChunkPool::allocate
# Possible reasons:
#   The system is out of physical RAM or swap space
#   In 32 bit mode, the process size limit was hit
# Possible solutions:
#   Reduce memory load on the system
#   Increase physical memory or swap space
#   Check if swap backing store is full
#   Use 64 bit Java on a 64 bit OS
#   Decrease Java heap size (-Xmx/-Xms)
#   Decrease number of Java threads
#   Decrease Java thread stack sizes (-Xss)
#   Set larger code cache with -XX:ReservedCodeCacheSize=
# This output file may be truncated or incomplete.
#
#  Out of Memory Error (allocation.cpp:273), pid=2820, tid=0x0000000000001e64
#
# JRE version: Java(TM) SE Runtime Environment (8.0_191-b12) (build 1.8.0_191-b12)
# Java VM: Java HotSpot(TM) 64-Bit Server VM (25.191-b12 mixed mode windows-amd64 compressed oops)
# Failed to write core dump. Minidumps are not enabled by default on client versions of Windows
#

---------------  T H R E A D  ---------------

Current thread (0x0000000017561000):  JavaThread "C1 CompilerThread2" daemon [_thread_in_native, id=7780, stack(0x0000000018de0000,0x0000000018ee0000)]

Stack: [0x0000000018de0000,0x0000000018ee0000]
[error occurred during error reporting (printing stack bounds), id 0xc0000005]

Native frames: (J=compiled Java code, j=interpreted, Vv=VM code, C=native code)


Current CompileTask:
C1:  19567 2795       1       org.springframework.asm.Type::getArgumentTypes (154 bytes)


---------------  P R O C E S S  ---------------

Java Threads: ( => current thread )
  0x000000001ab64800 JavaThread "task-1" [_thread_blocked, id=12668, stack(0x000000001c560000,0x000000001c660000)]
  0x000000001aed4800 JavaThread "mysql-cj-abandoned-connection-cleanup" daemon [_thread_blocked, id=384, stack(0x000000001c260000,0x000000001c360000)]
  0x000000001ae92000 JavaThread "container-0" [_thread_blocked, id=13168, stack(0x000000001c160000,0x000000001c260000)]
  0x000000001ae91800 JavaThread "Catalina-utility-2" [_thread_blocked, id=10972, stack(0x000000001c060000,0x000000001c160000)]
  0x0000000017597000 JavaThread "Catalina-utility-1" [_thread_blocked, id=8852, stack(0x0000000019e50000,0x0000000019f50000)]
  0x00000000175ae000 JavaThread "Service Thread" daemon [_thread_blocked, id=8660, stack(0x00000000192e0000,0x00000000193e0000)]
=>0x0000000017561000 JavaThread "C1 CompilerThread2" daemon [_thread_in_native, id=7780, stack(0x0000000018de0000,0x0000000018ee0000)]
  0x000000001755d000 JavaThread "C2 CompilerThread1" daemon [_thread_blocked, id=3004, stack(0x0000000018ce0000,0x0000000018de0000)]
  0x0000000017558000 JavaThread "C2 CompilerThread0" daemon [_thread_blocked, id=1280, stack(0x0000000018be0000,0x0000000018ce0000)]
  0x0000000017556000 JavaThread "Attach Listener" daemon [_thread_blocked, id=9076, stack(0x0000000018ae0000,0x0000000018be0000)]
  0x0000000017555000 JavaThread "Signal Dispatcher" daemon [_thread_blocked, id=11196, stack(0x00000000189e0000,0x0000000018ae0000)]
  0x0000000002b1e000 JavaThread "Finalizer" daemon [_thread_blocked, id=11508, stack(0x00000000187c0000,0x00000000188c0000)]
  0x0000000002b15000 JavaThread "Reference Handler" daemon [_thread_blocked, id=7228, stack(0x00000000186c0000,0x00000000187c0000)]
  0x0000000002a25800 JavaThread "main" [_thread_in_native, id=13324, stack(0x0000000002850000,0x0000000002950000)]

Other Threads:
  0x0000000017518000 VMThread [stack: 0x00000000185c0000,0x00000000186c0000] [id=13760]
  0x0000000018f2a000 WatcherThread [stack: 0x0000000019550000,0x0000000019650000] [id=6632]

VM state:not at safepoint (normal execution)

VM Mutex/Monitor currently owned by a thread: None

Heap:
 PSYoungGen      total 136704K, used 13865K [0x00000000d6780000, 0x00000000df680000, 0x0000000100000000)
  eden space 130048K, 5% used [0x00000000d6780000,0x00000000d6e8f8d8,0x00000000de680000)
  from space 6656K, 99% used [0x00000000dee00000,0x00000000df47ac38,0x00000000df480000)
  to   space 7680K, 0% used [0x00000000de680000,0x00000000de680000,0x00000000dee00000)
 ParOldGen       total 53248K, used 13826K [0x0000000083600000, 0x0000000086a00000, 0x00000000d6780000)
  object space 53248K, 25% used [0x0000000083600000,0x0000000084380930,0x0000000086a00000)
 Metaspace       used 31070K, capacity 32910K, committed 33024K, reserved 1077248K
  class space    used 4273K, capacity 4597K, committed 4608K, reserved 1048576K

Card table byte_map: [0x0000000011ee0000,0x00000000122d0000] byte_map_base: 0x0000000011ac5000

Marking Bits: (ParMarkBitMap*) 0x0000000059a53e30
 Begin Bits: [0x0000000012970000, 0x0000000014898000)
 End Bits:   [0x0000000014898000, 0x00000000167c0000)

Polling page: 0x0000000001040000

CodeCache: size=245760Kb used=5666Kb max_used=5785Kb free=240093Kb
 bounds [0x0000000002b20000, 0x00000000030d0000, 0x0000000011b20000]
 total_blobs=3189 nmethods=2754 adapters=347
 compilation: enabled

Compilation events (10 events):
Event: 11.136 Thread 0x0000000017561000 nmethod 2789 0x0000000002d41dd0 code [0x0000000002d41f20, 0x0000000002d42050]
Event: 16.163 Thread 0x0000000017561000 2791       1       java.lang.StackTraceElement::getClassName (5 bytes)
Event: 16.163 Thread 0x0000000017561000 nmethod 2791 0x0000000002dd3c50 code [0x0000000002dd3da0, 0x0000000002dd3eb0]
Event: 16.167 Thread 0x0000000017561000 2792       1       java.util.regex.Pattern$Start::match (90 bytes)
Event: 16.168 Thread 0x0000000017561000 nmethod 2792 0x0000000002d1c690 code [0x0000000002d1c800, 0x0000000002d1ca48]
Event: 17.179 Thread 0x0000000017561000 2793       1       org.springframework.asm.MethodVisitor::visitInsn (16 bytes)
Event: 17.179 Thread 0x0000000017561000 nmethod 2793 0x0000000002dbe510 code [0x0000000002dbe660, 0x0000000002dbe7a8]
Event: 17.182 Thread 0x0000000017561000 2794       1       org.springframework.asm.ClassReader::createDebugLabel (23 bytes)
Event: 17.184 Thread 0x0000000017561000 nmethod 2794 0x0000000002c63810 code [0x0000000002c63980, 0x0000000002c63c50]
Event: 17.184 Thread 0x0000000017561000 2795       1       org.springframework.asm.Type::getArgumentTypes (154 bytes)

GC Heap History (10 events):
Event: 3.153 GC heap before
{Heap before GC invocations=5 (full 0):
 PSYoungGen      total 70656K, used 70624K [0x00000000d6780000, 0x00000000db180000, 0x0000000100000000)
  eden space 65536K, 100% used [0x00000000d6780000,0x00000000da780000,0x00000000da780000)
  from space 5120K, 99% used [0x00000000dac80000,0x00000000db178188,0x00000000db180000)
  to   space 5120K, 0% used [0x00000000da780000,0x00000000da780000,0x00000000dac80000)
 ParOldGen       total 86016K, used 1943K [0x0000000083600000, 0x0000000088a00000, 0x00000000d6780000)
  object space 86016K, 2% used [0x0000000083600000,0x00000000837e5c08,0x0000000088a00000)
 Metaspace       used 16476K, capacity 17282K, committed 17536K, reserved 1064960K
  class space    used 2125K, capacity 2321K, committed 2432K, reserved 1048576K
Event: 3.179 GC heap after
Heap after GC invocations=5 (full 0):
 PSYoungGen      total 70656K, used 5111K [0x00000000d6780000, 0x00000000df480000, 0x0000000100000000)
  eden space 65536K, 0% used [0x00000000d6780000,0x00000000d6780000,0x00000000da780000)
  from space 5120K, 99% used [0x00000000da780000,0x00000000dac7dfc8,0x00000000dac80000)
  to   space 6656K, 0% used [0x00000000dee00000,0x00000000dee00000,0x00000000df480000)
 ParOldGen       total 86016K, used 2737K [0x0000000083600000, 0x0000000088a00000, 0x00000000d6780000)
  object space 86016K, 3% used [0x0000000083600000,0x00000000838ac630,0x0000000088a00000)
 Metaspace       used 16476K, capacity 17282K, committed 17536K, reserved 1064960K
  class space    used 2125K, capacity 2321K, committed 2432K, reserved 1048576K
}
Event: 3.862 GC heap before
{Heap before GC invocations=6 (full 0):
 PSYoungGen      total 70656K, used 70647K [0x00000000d6780000, 0x00000000df480000, 0x0000000100000000)
  eden space 65536K, 100% used [0x00000000d6780000,0x00000000da780000,0x00000000da780000)
  from space 5120K, 99% used [0x00000000da780000,0x00000000dac7dfc8,0x00000000dac80000)
  to   space 6656K, 0% used [0x00000000dee00000,0x00000000dee00000,0x00000000df480000)
 ParOldGen       total 86016K, used 2737K [0x0000000083600000, 0x0000000088a00000, 0x00000000d6780000)
  object space 86016K, 3% used [0x0000000083600000,0x00000000838ac630,0x0000000088a00000)
 Metaspace       used 18414K, capacity 19426K, committed 19584K, reserved 1067008K
  class space    used 2431K, capacity 2641K, committed 2688K, reserved 1048576K
Event: 3.888 GC heap after
Heap after GC invocations=6 (full 0):
 PSYoungGen      total 136704K, used 6655K [0x00000000d6780000, 0x00000000df680000, 0x0000000100000000)
  eden space 130048K, 0% used [0x00000000d6780000,0x00000000d6780000,0x00000000de680000)
  from space 6656K, 99% used [0x00000000dee00000,0x00000000df47fc68,0x00000000df480000)
  to   space 7680K, 0% used [0x00000000de680000,0x00000000de680000,0x00000000dee00000)
 ParOldGen       total 86016K, used 3815K [0x0000000083600000, 0x0000000088a00000, 0x00000000d6780000)
  object space 86016K, 4% used [0x0000000083600000,0x00000000839b9d48,0x0000000088a00000)
 Metaspace       used 18414K, capacity 19426K, committed 19584K, reserved 1067008K
  class space    used 2431K, capacity 2641K, committed 2688K, reserved 1048576K
}
Event: 4.463 GC heap before
{Heap before GC invocations=7 (full 0):
 PSYoungGen      total 136704K, used 29942K [0x00000000d6780000, 0x00000000df680000, 0x0000000100000000)
  eden space 130048K, 17% used [0x00000000d6780000,0x00000000d7e3dd48,0x00000000de680000)
  from space 6656K, 99% used [0x00000000dee00000,0x00000000df47fc68,0x00000000df480000)
  to   space 7680K, 0% used [0x00000000de680000,0x00000000de680000,0x00000000dee00000)
 ParOldGen       total 86016K, used 3815K [0x0000000083600000, 0x0000000088a00000, 0x00000000d6780000)
  object space 86016K, 4% used [0x0000000083600000,0x00000000839b9d48,0x0000000088a00000)
 Metaspace       used 20180K, capacity 21262K, committed 21296K, reserved 1067008K
  class space    used 2692K, capacity 2929K, committed 2944K, reserved 1048576K
Event: 6.482 GC heap after
Heap after GC invocations=7 (full 0):
 PSYoungGen      total 137728K, used 5123K [0x00000000d6780000, 0x00000000df680000, 0x0000000100000000)
  eden space 130048K, 0% used [0x00000000d6780000,0x00000000d6780000,0x00000000de680000)
  from space 7680K, 66% used [0x00000000de680000,0x00000000deb80f00,0x00000000dee00000)
  to   space 6656K, 0% used [0x00000000dee00000,0x00000000dee00000,0x00000000df480000)
 ParOldGen       total 86016K, used 6760K [0x0000000083600000, 0x0000000088a00000, 0x00000000d6780000)
  object space 86016K, 7% used [0x0000000083600000,0x0000000083c9a380,0x0000000088a00000)
 Metaspace       used 20180K, capacity 21262K, committed 21296K, reserved 1067008K
  class space    used 2692K, capacity 2929K, committed 2944K, reserved 1048576K
}
Event: 6.482 GC heap before
{Heap before GC invocations=8 (full 1):
 PSYoungGen      total 137728K, used 5123K [0x00000000d6780000, 0x00000000df680000, 0x0000000100000000)
  eden space 130048K, 0% used [0x00000000d6780000,0x00000000d6780000,0x00000000de680000)
  from space 7680K, 66% used [0x00000000de680000,0x00000000deb80f00,0x00000000dee00000)
  to   space 6656K, 0% used [0x00000000dee00000,0x00000000dee00000,0x00000000df480000)
 ParOldGen       total 86016K, used 6760K [0x0000000083600000, 0x0000000088a00000, 0x00000000d6780000)
  object space 86016K, 7% used [0x0000000083600000,0x0000000083c9a380,0x0000000088a00000)
 Metaspace       used 20180K, capacity 21262K, committed 21296K, reserved 1067008K
  class space    used 2692K, capacity 2929K, committed 2944K, reserved 1048576K
Event: 6.559 GC heap after
Heap after GC invocations=8 (full 1):
 PSYoungGen      total 137728K, used 0K [0x00000000d6780000, 0x00000000df680000, 0x0000000100000000)
  eden space 130048K, 0% used [0x00000000d6780000,0x00000000d6780000,0x00000000de680000)
  from space 7680K, 0% used [0x00000000de680000,0x00000000de680000,0x00000000dee00000)
  to   space 6656K, 0% used [0x00000000dee00000,0x00000000dee00000,0x00000000df480000)
 ParOldGen       total 53248K, used 7965K [0x0000000083600000, 0x0000000086a00000, 0x00000000d6780000)
  object space 53248K, 14% used [0x0000000083600000,0x0000000083dc7660,0x0000000086a00000)
 Metaspace       used 20180K, capacity 21262K, committed 21296K, reserved 1067008K
  class space    used 2692K, capacity 2929K, committed 2944K, reserved 1048576K
}
Event: 9.066 GC heap before
{Heap before GC invocations=9 (full 1):
 PSYoungGen      total 137728K, used 130048K [0x00000000d6780000, 0x00000000df680000, 0x0000000100000000)
  eden space 130048K, 100% used [0x00000000d6780000,0x00000000de680000,0x00000000de680000)
  from space 7680K, 0% used [0x00000000de680000,0x00000000de680000,0x00000000dee00000)
  to   space 6656K, 0% used [0x00000000dee00000,0x00000000dee00000,0x00000000df480000)
 ParOldGen       total 53248K, used 7965K [0x0000000083600000, 0x0000000086a00000, 0x00000000d6780000)
  object space 53248K, 14% used [0x0000000083600000,0x0000000083dc7660,0x0000000086a00000)
 Metaspace       used 30494K, capacity 32328K, committed 32512K, reserved 1077248K
  class space    used 4211K, capacity 4532K, committed 4608K, reserved 1048576K
Event: 11.088 GC heap after
Heap after GC invocations=9 (full 1):
 PSYoungGen      total 136704K, used 6635K [0x00000000d6780000, 0x00000000df680000, 0x0000000100000000)
  eden space 130048K, 0% used [0x00000000d6780000,0x00000000d6780000,0x00000000de680000)
  from space 6656K, 99% used [0x00000000dee00000,0x00000000df47ac38,0x00000000df480000)
  to   space 7680K, 0% used [0x00000000de680000,0x00000000de680000,0x00000000dee00000)
 ParOldGen       total 53248K, used 13826K [0x0000000083600000, 0x0000000086a00000, 0x00000000d6780000)
  object space 53248K, 25% used [0x0000000083600000,0x0000000084380930,0x0000000086a00000)
 Metaspace       used 30494K, capacity 32328K, committed 32512K, reserved 1077248K
  class space    used 4211K, capacity 4532K, committed 4608K, reserved 1048576K
}

Deoptimization events (0 events):
No events

Classes redefined (0 events):
No events

Internal exceptions (10 events):
Event: 8.528 Thread 0x0000000002a25800 Exception <a 'java/lang/ClassNotFoundException': org/springframework/beans/factory/InitializingBeanCustomizer> (0x00000000dd0db540) thrown at [C:\re\workspace\8-2-build-windows-amd64-cygwin\jdk8u191\11896\hotspot\src\share\vm\classfile\systemDictionary.cp
Event: 8.534 Thread 0x0000000002a25800 Exception <a 'java/lang/ArrayIndexOutOfBoundsException'> (0x00000000dd0ff340) thrown at [C:\re\workspace\8-2-build-windows-amd64-cygwin\jdk8u191\11896\hotspot\src\share\vm\runtime\sharedRuntime.cpp, line 605]
Event: 8.534 Thread 0x0000000002a25800 Exception <a 'java/lang/ArrayIndexOutOfBoundsException'> (0x00000000dd101450) thrown at [C:\re\workspace\8-2-build-windows-amd64-cygwin\jdk8u191\11896\hotspot\src\share\vm\runtime\sharedRuntime.cpp, line 605]
Event: 8.540 Thread 0x0000000002a25800 Exception <a 'java/lang/ArrayIndexOutOfBoundsException'> (0x00000000dd13b430) thrown at [C:\re\workspace\8-2-build-windows-amd64-cygwin\jdk8u191\11896\hotspot\src\share\vm\runtime\sharedRuntime.cpp, line 605]
Event: 8.541 Thread 0x0000000002a25800 Exception <a 'java/lang/ArrayIndexOutOfBoundsException'> (0x00000000dd13e3e8) thrown at [C:\re\workspace\8-2-build-windows-amd64-cygwin\jdk8u191\11896\hotspot\src\share\vm\runtime\sharedRuntime.cpp, line 605]
Event: 8.549 Thread 0x0000000002a25800 Exception <a 'java/lang/ArrayIndexOutOfBoundsException'> (0x00000000dd2ce2a8) thrown at [C:\re\workspace\8-2-build-windows-amd64-cygwin\jdk8u191\11896\hotspot\src\share\vm\runtime\sharedRuntime.cpp, line 605]
Event: 13.140 Thread 0x000000001ab64800 Exception <a 'java/net/ConnectException': Connection refused: connect> (0x00000000d68ee650) thrown at [C:\re\workspace\8-2-build-windows-amd64-cygwin\jdk8u191\11896\hotspot\src\share\vm\prims\jni.cpp, line 735]
Event: 15.144 Thread 0x000000001ab64800 Exception <a 'java/net/ConnectException': Connection refused: connect> (0x00000000d68ef350) thrown at [C:\re\workspace\8-2-build-windows-amd64-cygwin\jdk8u191\11896\hotspot\src\share\vm\prims\jni.cpp, line 735]
Event: 17.174 Thread 0x0000000002a25800 Exception <a 'java/lang/reflect/InvocationTargetException'> (0x00000000d6b16630) thrown at [C:\re\workspace\8-2-build-windows-amd64-cygwin\jdk8u191\11896\hotspot\src\share\vm\runtime\reflection.cpp, line 1092]
Event: 17.202 Thread 0x0000000002a25800 Exception <a 'java/lang/reflect/InvocationTargetException'> (0x00000000d6bb9c58) thrown at [C:\re\workspace\8-2-build-windows-amd64-cygwin\jdk8u191\11896\hotspot\src\share\vm\runtime\reflection.cpp, line 1092]

Events (10 events):
Event: 17.174 loading class org/springframework/beans/BeanInstantiationException
Event: 17.174 loading class org/springframework/beans/BeanInstantiationException done
Event: 17.175 loading class org/springframework/beans/factory/NoUniqueBeanDefinitionException
Event: 17.175 loading class org/springframework/beans/factory/NoUniqueBeanDefinitionException done
Event: 17.179 Thread 0x0000000017561000 flushing nmethod 0x0000000002e99410
Event: 17.179 Thread 0x0000000017561000 flushing nmethod 0x0000000002eb17d0
Event: 17.179 Thread 0x0000000017561000 flushing nmethod 0x0000000002eb3ad0
Event: 17.184 Thread 0x0000000017561000 flushing nmethod 0x0000000002f12b10
Event: 17.933 Executing VM operation: RevokeBias
Event: 19.187 Executing VM operation: RevokeBias done


Dynamic libraries:
0x00007ff7ffb90000 - 0x00007ff7ffbc7000 	C:\Program Files\Java\jdk1.8.0_191\jre\bin\java.exe
0x00007ff9937a0000 - 0x00007ff993990000 	C:\WINDOWS\SYSTEM32\ntdll.dll
0x00007ff992b90000 - 0x00007ff992c42000 	C:\WINDOWS\System32\KERNEL32.DLL
0x00007ff991520000 - 0x00007ff9917c4000 	C:\WINDOWS\System32\KERNELBASE.dll
0x00007ff992ab0000 - 0x00007ff992b53000 	C:\WINDOWS\System32\ADVAPI32.dll
0x00007ff993410000 - 0x00007ff9934ae000 	C:\WINDOWS\System32\msvcrt.dll
0x00007ff993650000 - 0x00007ff9936e7000 	C:\WINDOWS\System32\sechost.dll
0x00007ff9924c0000 - 0x00007ff9925e0000 	C:\WINDOWS\System32\RPCRT4.dll
0x00007ff9934b0000 - 0x00007ff993644000 	C:\WINDOWS\System32\USER32.dll
0x00007ff9914c0000 - 0x00007ff9914e1000 	C:\WINDOWS\System32\win32u.dll
0x00007ff992b60000 - 0x00007ff992b86000 	C:\WINDOWS\System32\GDI32.dll
0x00007ff990750000 - 0x00007ff9908e4000 	C:\WINDOWS\System32\gdi32full.dll
0x00007ff990ca0000 - 0x00007ff990d3e000 	C:\WINDOWS\System32\msvcp_win.dll
0x00007ff990940000 - 0x00007ff990a3a000 	C:\WINDOWS\System32\ucrtbase.dll
0x00007ff985c90000 - 0x00007ff985f14000 	C:\WINDOWS\WinSxS\amd64_microsoft.windows.common-controls_6595b64144ccf1df_6.0.18362.836_none_e6c4b943130f18ed\COMCTL32.dll
0x00007ff992d10000 - 0x00007ff993046000 	C:\WINDOWS\System32\combase.dll
0x00007ff9917d0000 - 0x00007ff991850000 	C:\WINDOWS\System32\bcryptPrimitives.dll
0x00007ff9933e0000 - 0x00007ff99340e000 	C:\WINDOWS\System32\IMM32.DLL
0x000000005a8f0000 - 0x000000005a9c2000 	C:\Program Files\Java\jdk1.8.0_191\jre\bin\msvcr100.dll
0x0000000059230000 - 0x0000000059ad4000 	C:\Program Files\Java\jdk1.8.0_191\jre\bin\server\jvm.dll
0x00007ff992d00000 - 0x00007ff992d08000 	C:\WINDOWS\System32\PSAPI.DLL
0x00007ff97acf0000 - 0x00007ff97acf9000 	C:\WINDOWS\SYSTEM32\WSOCK32.dll
0x00007ff992360000 - 0x00007ff9923cf000 	C:\WINDOWS\System32\WS2_32.dll
0x00007ff98d800000 - 0x00007ff98d824000 	C:\WINDOWS\SYSTEM32\WINMM.dll
0x00007ff9865a0000 - 0x00007ff9865aa000 	C:\WINDOWS\SYSTEM32\VERSION.dll
0x00007ff98d7d0000 - 0x00007ff98d7fd000 	C:\WINDOWS\SYSTEM32\WINMMBASE.dll
0x00007ff9908f0000 - 0x00007ff99093a000 	C:\WINDOWS\System32\cfgmgr32.dll
0x000000005a8e0000 - 0x000000005a8ef000 	C:\Program Files\Java\jdk1.8.0_191\jre\bin\verify.dll
0x000000005a8b0000 - 0x000000005a8d9000 	C:\Program Files\Java\jdk1.8.0_191\jre\bin\java.dll
0x000000005a890000 - 0x000000005a8a6000 	C:\Program Files\Java\jdk1.8.0_191\jre\bin\zip.dll
0x00007ff991990000 - 0x00007ff992074000 	C:\WINDOWS\System32\SHELL32.dll
0x00007ff993120000 - 0x00007ff9931c9000 	C:\WINDOWS\System32\shcore.dll
0x00007ff990d40000 - 0x00007ff9914be000 	C:\WINDOWS\System32\windows.storage.dll
0x00007ff990690000 - 0x00007ff9906b3000 	C:\WINDOWS\System32\profapi.dll
0x00007ff9906e0000 - 0x00007ff99072a000 	C:\WINDOWS\System32\powrprof.dll
0x00007ff990660000 - 0x00007ff990670000 	C:\WINDOWS\System32\UMPDC.dll
0x00007ff9925e0000 - 0x00007ff992632000 	C:\WINDOWS\System32\shlwapi.dll
0x00007ff9906c0000 - 0x00007ff9906d1000 	C:\WINDOWS\System32\kernel.appcore.dll
0x00007ff990730000 - 0x00007ff990747000 	C:\WINDOWS\System32\cryptsp.dll
0x000000005a840000 - 0x000000005a84d000 	C:\Program Files\Java\jdk1.8.0_191\jre\bin\management.dll
0x000000005a870000 - 0x000000005a88a000 	C:\Program Files\Java\jdk1.8.0_191\jre\bin\net.dll
0x00007ff98fb00000 - 0x00007ff98fb67000 	C:\WINDOWS\system32\mswsock.dll
0x00007ff97f0a0000 - 0x00007ff97f0b6000 	C:\WINDOWS\system32\napinsp.dll
0x00007ff97f080000 - 0x00007ff97f09a000 	C:\WINDOWS\system32\pnrpnsp.dll
0x00007ff98f850000 - 0x00007ff98f91b000 	C:\WINDOWS\SYSTEM32\DNSAPI.dll
0x00007ff992350000 - 0x00007ff992358000 	C:\WINDOWS\System32\NSI.dll
0x00007ff98f810000 - 0x00007ff98f84a000 	C:\WINDOWS\SYSTEM32\IPHLPAPI.DLL
0x00007ff97f990000 - 0x00007ff97f99e000 	C:\WINDOWS\System32\winrnr.dll
0x00007ff98cad0000 - 0x00007ff98caec000 	C:\WINDOWS\system32\NLAapi.dll
0x00007ff97ea90000 - 0x00007ff97eaa5000 	C:\WINDOWS\system32\wshbth.dll
0x00007ff985470000 - 0x00007ff98547a000 	C:\Windows\System32\rasadhlp.dll
0x00007ff986060000 - 0x00007ff9860d7000 	C:\WINDOWS\System32\fwpuclnt.dll
0x00007ff9914f0000 - 0x00007ff991516000 	C:\WINDOWS\System32\bcrypt.dll
0x000000005a850000 - 0x000000005a861000 	C:\Program Files\Java\jdk1.8.0_191\jre\bin\nio.dll
0x00007ff98f610000 - 0x00007ff98f643000 	C:\WINDOWS\system32\rsaenh.dll
0x00007ff990550000 - 0x00007ff990575000 	C:\WINDOWS\SYSTEM32\USERENV.dll
0x00007ff98fd50000 - 0x00007ff98fd5c000 	C:\WINDOWS\SYSTEM32\CRYPTBASE.dll
0x00007ff986140000 - 0x00007ff986156000 	C:\WINDOWS\SYSTEM32\dhcpcsvc6.DLL
0x00007ff986510000 - 0x00007ff98652c000 	C:\WINDOWS\SYSTEM32\dhcpcsvc.DLL

VM Arguments:
jvm_args: -Xverify:none -XX:TieredStopAtLevel=1 
java_command: com.PracticaLab.PracticaLabApplication
java_class_path (initial): C:\Users\HerianaBurgos\Documents\PracticaLab\target\classes;C:\Users\HerianaBurgos\.m2\repository\org\springframework\boot\spring-boot-starter-data-jpa\2.3.0.RELEASE\spring-boot-starter-data-jpa-2.3.0.RELEASE.jar;C:\Users\HerianaBurgos\.m2\repository\org\springframework\boot\spring-boot-starter-aop\2.3.0.RELEASE\spring-boot-starter-aop-2.3.0.RELEASE.jar;C:\Users\HerianaBurgos\.m2\repository\org\springframework\spring-aop\5.2.6.RELEASE\spring-aop-5.2.6.RELEASE.jar;C:\Users\HerianaBurgos\.m2\repository\org\aspectj\aspectjweaver\1.9.5\aspectjweaver-1.9.5.jar;C:\Users\HerianaBurgos\.m2\repository\org\springframework\boot\spring-boot-starter-jdbc\2.3.0.RELEASE\spring-boot-starter-jdbc-2.3.0.RELEASE.jar;C:\Users\HerianaBurgos\.m2\repository\com\zaxxer\HikariCP\3.4.5\HikariCP-3.4.5.jar;C:\Users\HerianaBurgos\.m2\repository\org\springframework\spring-jdbc\5.2.6.RELEASE\spring-jdbc-5.2.6.RELEASE.jar;C:\Users\HerianaBurgos\.m2\repository\jakarta\transaction\jakarta.transaction-api\1.3.3\jakarta.transaction-api-1.3.3.jar;C:\Users\HerianaBurgos\.m2\repository\jakarta\persistence\jakarta.persistence-api\2.2.3\jakarta.persistence-api-2.2.3.jar;C:\Users\HerianaBurgos\.m2\repository\org\hibernate\hibernate-core\5.4.15.Final\hibernate-core-5.4.15.Final.jar;C:\Users\HerianaBurgos\.m2\repository\org\jboss\logging\jboss-logging\3.4.1.Final\jboss-logging-3.4.1.Final.jar;C:\Users\HerianaBurgos\.m2\repository\org\javassist\javassist\3.24.0-GA\javassist-3.24.0-GA.jar;C:\Users\HerianaBurgos\.m2\repository\net\bytebuddy\byte-buddy\1.10.10\byte-buddy-1.10.10.jar;C:\Users\HerianaBurgos\.m2\repository\antlr\antlr\2.7.7\antlr-2.7.7.jar;C:\Users\HerianaBurgos\.m2\repository\org\jboss\jandex\2.1.3.Final\jandex-2.1.3.Final.jar;C:\Users\HerianaBurgos\.m2\repository\com\fasterxml\classmate\1.5.1\classmate-1.5.1.jar;C:\Users\HerianaBurgos\.m2\repository\org\dom4j\dom4j\2.1.3\dom4j-2.1.3.jar;C:\Users\HerianaBurgos\.m2\repository\org\hibernate\common\hibernate-commons-annota
Launcher Type: SUN_STANDARD

Environment Variables:
JAVA_HOME=C:\Program Files\Java\jdk1.8.0_191
PATH=C:\Python38\Scripts\;C:\Python38\;C:\Program Files (x86)\Common Files\Oracle\Java\javapath;C:\WINDOWS\system32;C:\WINDOWS;C:\WINDOWS\System32\Wbem;C:\WINDOWS\System32\WindowsPowerShell\v1.0\;C:\Program Files (x86)\Microsoft SQL Server\Client SDK\ODBC\130\Tools\Binn\;C:\Program Files (x86)\Microsoft SQL Server\140\Tools\Binn\;C:\Program Files (x86)\Microsoft SQL Server\140\DTS\Binn\;C:\Program Files (x86)\Microsoft SQL Server\140\Tools\Binn\ManagementStudio\;C:\Program Files\Microsoft SQL Server\Client SDK\ODBC\130\Tools\Binn\;C:\Program Files\Microsoft SQL Server\140\Tools\Binn\;C:\Program Files\Microsoft SQL Server\140\DTS\Binn\;C:\WINDOWS\System32\OpenSSH\;C:\Program Files\MySQL\MySQL Utilities 1.6\;C:\Program Files\dotnet\;C:\Program Files\Microsoft SQL Server\130\Tools\Binn\;C:\Program Files\Microsoft SQL Server\Client SDK\ODBC\170\Tools\Binn\;C:\Program Files\MySQL\MySQL Server 8.0\bin;C:\Program Files (x86)\dotnet\;C:\Program Files\Git\cmd;C:\Program Files\nodejs\;C:\ProgramData\chocolatey\bin;C:\Program Files\apache-maven-3.6.3\bin;C:\Program Files\Java\jdk1.8.0_19;%JAVA_HOME%\bin;C:\Users\HerianaBurgos\AppData\Local\Microsoft\WindowsApps;;C:\Users\HerianaBurgos\AppData\Local\Programs\Microsoft VS Code\bin;C:\Users\HerianaBurgos\AppData\Roaming\npm
USERNAME=HerianaBurgos
OS=Windows_NT
PROCESSOR_IDENTIFIER=Intel64 Family 6 Model 42 Stepping 7, GenuineIntel



---------------  S Y S T E M  ---------------

OS: Windows 10.0 , 64 bit Build 18362 (10.0.18362.778)

CPU:total 4 (initial active 4) (2 cores per cpu, 2 threads per core) family 6 model 42 stepping 7, cmov, cx8, fxsr, mmx, sse, sse2, sse3, ssse3, sse4.1, sse4.2, popcnt, avx, clmul, ht, tsc, tscinvbit

Memory: 4k page, physical 8160408k(1926292k free), swap 9471128k(960k free)

vm_info: Java HotSpot(TM) 64-Bit Server VM (25.191-b12) for windows-amd64 JRE (1.8.0_191-b12), built on Oct  6 2018 09:29:03 by "java_re" with MS VC++ 10.0 (VS2010)

time: Tue Jun 09 20:14:22 2020
elapsed time: 19 seconds (0d 0h 0m 19s)

